Change Component Comment : Designator=R13 Old Comment=Resistor 10k +/-1% 0805 125 mW New Comment=1k2
Change Component Comment : Designator=R14 Old Comment=Resistor 10k +/-1% 0805 125 mW New Comment=1k2
Change Component Comment : Designator=R19 Old Comment=Resistor 10k +/-1% 0805 125 mW New Comment=1k2
Change Component Comment : Designator=R1 Old Comment=Resistor 10k +/-1% 0805 125 mW New Comment=1k66
Change Component Comment : Designator=R9 Old Comment=Resistor 10k +/-1% 0805 125 mW New Comment=1k66
Change Component Comment : Designator=R8 Old Comment=Resistor 10k +/-1% 0805 125 mW New Comment=1k
Change Component Comment : Designator=R12 Old Comment=Resistor 10k +/-1% 0805 125 mW New Comment=1k
Change Component Comment : Designator=R15 Old Comment=Resistor 10k +/-1% 0805 125 mW New Comment=1k
Change Component Comment : Designator=R17 Old Comment=Resistor 10k +/-1% 0805 125 mW New Comment=1k
Change Component Comment : Designator=R10 Old Comment=Resistor 10k +/-1% 0805 125 mW New Comment=2k1
Change Component Comment : Designator=R11 Old Comment=Resistor 10k +/-1% 0805 125 mW New Comment=2k1
Change Component Comment : Designator=R20 Old Comment=Resistor 10k +/-1% 0805 125 mW New Comment=2k1
Change Component Comment : Designator=R6 Old Comment=Resistor 10k +/-1% 0805 125 mW New Comment=5k1
Change Component Comment : Designator=R7 Old Comment=Resistor 10k +/-1% 0805 125 mW New Comment=5k1
Change Component Comment : Designator=R18 Old Comment=Resistor 10k +/-1% 0805 125 mW New Comment=10k
Change Component Comment : Designator=R16 Old Comment=Resistor 10k +/-1% 0805 125 mW New Comment=100k
Change Component Comment : Designator=R21 Old Comment=Resistor 10k +/-1% 0805 125 mW New Comment=100k
Change Component Comment : Designator=R22 Old Comment=Resistor 10k +/-1% 0805 125 mW New Comment=100k
Change Component Comment : Designator=R23 Old Comment=Resistor 10k +/-1% 0805 125 mW New Comment=100k
Change Component Description : Designator=R13 Old Description=Chip Resistor, 10 KOhm, +/- 1%, 125 mW, -55 to 155 degC, 0805 (2012 Metric) New Description=1k2
Change Component Description : Designator=R14 Old Description=Chip Resistor, 10 KOhm, +/- 1%, 125 mW, -55 to 155 degC, 0805 (2012 Metric) New Description=1k2
Change Component Description : Designator=R19 Old Description=Chip Resistor, 10 KOhm, +/- 1%, 125 mW, -55 to 155 degC, 0805 (2012 Metric) New Description=1k2
Change Component Description : Designator=R1 Old Description=Chip Resistor, 10 KOhm, +/- 1%, 125 mW, -55 to 155 degC, 0805 (2012 Metric) New Description=1k66
Change Component Description : Designator=R9 Old Description=Chip Resistor, 10 KOhm, +/- 1%, 125 mW, -55 to 155 degC, 0805 (2012 Metric) New Description=1k66
Change Component Description : Designator=R8 Old Description=Chip Resistor, 10 KOhm, +/- 1%, 125 mW, -55 to 155 degC, 0805 (2012 Metric) New Description=1k
Change Component Description : Designator=R12 Old Description=Chip Resistor, 10 KOhm, +/- 1%, 125 mW, -55 to 155 degC, 0805 (2012 Metric) New Description=1k
Change Component Description : Designator=R15 Old Description=Chip Resistor, 10 KOhm, +/- 1%, 125 mW, -55 to 155 degC, 0805 (2012 Metric) New Description=1k
Change Component Description : Designator=R17 Old Description=Chip Resistor, 10 KOhm, +/- 1%, 125 mW, -55 to 155 degC, 0805 (2012 Metric) New Description=1k
Change Component Description : Designator=R10 Old Description=Chip Resistor, 10 KOhm, +/- 1%, 125 mW, -55 to 155 degC, 0805 (2012 Metric) New Description=2k1
Change Component Description : Designator=R11 Old Description=Chip Resistor, 10 KOhm, +/- 1%, 125 mW, -55 to 155 degC, 0805 (2012 Metric) New Description=2k1
Change Component Description : Designator=R20 Old Description=Chip Resistor, 10 KOhm, +/- 1%, 125 mW, -55 to 155 degC, 0805 (2012 Metric) New Description=2k1
Change Component Description : Designator=R7 Old Description=Chip Resistor, 10 KOhm, +/- 1%, 125 mW, -55 to 155 degC, 0805 (2012 Metric) New Description=5k1
Change Component Description : Designator=R18 Old Description=Chip Resistor, 10 KOhm, +/- 1%, 125 mW, -55 to 155 degC, 0805 (2012 Metric) New Description=10k
Change Component Description : Designator=R16 Old Description=Chip Resistor, 10 KOhm, +/- 1%, 125 mW, -55 to 155 degC, 0805 (2012 Metric) New Description=100k
Change Component Description : Designator=R21 Old Description=Chip Resistor, 10 KOhm, +/- 1%, 125 mW, -55 to 155 degC, 0805 (2012 Metric) New Description=100k
Change Component Description : Designator=R22 Old Description=Chip Resistor, 10 KOhm, +/- 1%, 125 mW, -55 to 155 degC, 0805 (2012 Metric) New Description=100k
Change Component Description : Designator=R23 Old Description=Chip Resistor, 10 KOhm, +/- 1%, 125 mW, -55 to 155 degC, 0805 (2012 Metric) New Description=100k
Change Component Description : Designator=R6 Old Description=Chip Resistor, 10 KOhm, +/- 1%, 125 mW, -55 to 155 degC, 0805 (2012 Metric) New Description=
Change component parameters: Designator = "R16" ("R16"); Footprint = "RESC2013X50X35ML15T15"; UniqueID = "\KRFRJNGU" ("\KRFRJNGU")
Change component parameters (AddParameter): Name = "Case/Package"; Value = "0805"; VariantName = "[No Variations]"
Change component parameters (AddParameter): Name = "Max Operating Temperature"; Value = "155°C"; VariantName = "[No Variations]"
Change component parameters (AddParameter): Name = "Min Operating Temperature"; Value = "-55°C"; VariantName = "[No Variations]"
Change component parameters (AddParameter): Name = "Mounting Technology"; Value = "SM"; VariantName = "[No Variations]"
Change component parameters (AddParameter): Name = "Pins"; Value = "2"; VariantName = "[No Variations]"
Change component parameters (AddParameter): Name = "Power"; Value = "125mW"; VariantName = "[No Variations]"
Change component parameters (AddParameter): Name = "RoHS Compliant"; Value = "True"; VariantName = "[No Variations]"
Change component parameters (AddParameter): Name = "Tolerance"; Value = "1%"; VariantName = "[No Variations]"
Change component parameters (AddParameter): Name = "Value"; Value = "100k"; VariantName = "[No Variations]"
Change component parameters (AddParameter): Name = "Voltage Rating"; Value = "150V"; VariantName = "[No Variations]"
