Change Component Footprint: Designator=J3 Old Footprint=HDRV6W63P0X254_1X6_1524X280X950P New Footprint=HDRV6W50P0X200_1X6_1200X200X550P
Change Component Comment : Designator=J3 Old Comment=826926-6 New Comment=2355045-6
Change Component Designator: OldDesignator=U2 NewDesignator=U3
Change Component Designator: OldDesignator=U3 NewDesignator=U4
Change Component Designator: OldDesignator=U4 NewDesignator=U2
Change component parameters: Designator = "J3" ("J3"); Footprint = "HDRV6W63P0X254_1X6_1524X280X950P"; UniqueID = "\LUVVUANW" ("\LUVVUANW")
Change component parameters (AddParameter): Name = "Arrow Part Number"; Value = "2355045-6"; VariantName = "[No Variations]"
Change component parameters (AddParameter): Name = "Arrow Price/Stock"; Value = "https://www.arrow.com/en/products/2355045-6/te-connectivity?region=nac"; VariantName = "[No Variations]"
Change component parameters (AddParameter): Name = "Datasheet Link"; Value = "https://www.te.com/commerce/DocumentDelivery/DDEController?Action=showdoc&DocId=Customer+Drawing%7F2355045%7FA%7Fpdf%7FEnglish%7FENG_CD_2355045_A.pdf%7F2355045-6"; VariantName = "[No Variations]"
Change component parameters (AddParameter): Name = "Height"; Value = "5.5mm"; VariantName = "[No Variations]"
Change component parameters (AddParameter): Name = "Manufacturer_Name"; Value = "TE Connectivity"; VariantName = "[No Variations]"
Change component parameters (AddParameter): Name = "Manufacturer_Part_Number"; Value = "2355045-6"; VariantName = "[No Variations]"
Change component parameters (AddParameter): Name = "Mouser Part Number"; Value = "571-2355045-6"; VariantName = "[No Variations]"
Change component parameters (AddParameter): Name = "Mouser Price/Stock"; Value = "https://www.mouser.co.uk/ProductDetail/TE-Connectivity/2355045-6?qs=Cb2nCFKsA8odbib%252BLADOfw%3D%3D"; VariantName = "[No Variations]"
Added Component: Designator=J4(HDRV4W50P0X200_1X4_800X200X550P)
Add component (AddParameter): Name = "Arrow Part Number"; Value = "2355045-4"; VariantName = "[No Variations]"
Add component (AddParameter): Name = "Arrow Price/Stock"; Value = "https://www.arrow.com/en/products/2355045-4/te-connectivity?region=nac"; VariantName = "[No Variations]"
Add component (AddParameter): Name = "Datasheet Link"; Value = "https://www.te.com/commerce/DocumentDelivery/DDEController?Action=srchrtrv&DocNm=2355045&DocType=Customer+Drawing&DocLang=English&PartCntxt=2355045-4&DocFormat=pdf"; VariantName = "[No Variations]"
Add component (AddParameter): Name = "Height"; Value = "5.5mm"; VariantName = "[No Variations]"
Add component (AddParameter): Name = "Manufacturer_Name"; Value = "TE Connectivity"; VariantName = "[No Variations]"
Add component (AddParameter): Name = "Manufacturer_Part_Number"; Value = "2355045-4"; VariantName = "[No Variations]"
Add component (AddParameter): Name = "Mouser Part Number"; Value = "571-2355045-4"; VariantName = "[No Variations]"
Add component (AddParameter): Name = "Mouser Price/Stock"; Value = "https://www.mouser.co.uk/ProductDetail/TE-Connectivity/2355045-4?qs=Cb2nCFKsA8pf%2FHFl8Qaczg%3D%3D"; VariantName = "[No Variations]"
Added Component: Designator=J8(HDRV4W50P0X200_1X4_800X200X550P)
Add component (AddParameter): Name = "Arrow Part Number"; Value = "2355045-4"; VariantName = "[No Variations]"
Add component (AddParameter): Name = "Arrow Price/Stock"; Value = "https://www.arrow.com/en/products/2355045-4/te-connectivity?region=nac"; VariantName = "[No Variations]"
Add component (AddParameter): Name = "Datasheet Link"; Value = "https://www.te.com/commerce/DocumentDelivery/DDEController?Action=srchrtrv&DocNm=2355045&DocType=Customer+Drawing&DocLang=English&PartCntxt=2355045-4&DocFormat=pdf"; VariantName = "[No Variations]"
Add component (AddParameter): Name = "Height"; Value = "5.5mm"; VariantName = "[No Variations]"
Add component (AddParameter): Name = "Manufacturer_Name"; Value = "TE Connectivity"; VariantName = "[No Variations]"
Add component (AddParameter): Name = "Manufacturer_Part_Number"; Value = "2355045-4"; VariantName = "[No Variations]"
Add component (AddParameter): Name = "Mouser Part Number"; Value = "571-2355045-4"; VariantName = "[No Variations]"
Add component (AddParameter): Name = "Mouser Price/Stock"; Value = "https://www.mouser.co.uk/ProductDetail/TE-Connectivity/2355045-4?qs=Cb2nCFKsA8pf%2FHFl8Qaczg%3D%3D"; VariantName = "[No Variations]"
Added Pin To Net: NetName=!RST Pin=C11-1
Added Pin To Net: NetName=!RST Pin=J3-4
Added Pin To Net: NetName=!RST Pin=S1-1
Added Pin To Net: NetName=!RST Pin=S1-2
Added Pin To Net: NetName=!RST Pin=U1-25
Added Net: Name=!RST
Added Pin To Net: NetName=+3.3VA Pin=C31-2
Added Pin To Net: NetName=+3.3VA Pin=C32-2
Added Pin To Net: NetName=+3.3VA Pin=FB1-2
Added Pin To Net: NetName=+3.3VA Pin=U1-32
Added Pin To Net: NetName=+3.3VA Pin=U1-33
Added Net: Name=+3.3VA
Added Pin To Net: NetName=3.3V Pin=C1-1
Added Pin To Net: NetName=3.3V Pin=C4-1
Added Pin To Net: NetName=3.3V Pin=C6-1
Added Pin To Net: NetName=3.3V Pin=C7-1
Added Pin To Net: NetName=3.3V Pin=C8-1
Added Pin To Net: NetName=3.3V Pin=C9-1
Added Pin To Net: NetName=3.3V Pin=C10-1
Added Pin To Net: NetName=3.3V Pin=C12-1
Added Pin To Net: NetName=3.3V Pin=C13-1
Added Pin To Net: NetName=3.3V Pin=C14-1
Added Pin To Net: NetName=3.3V Pin=C15-2
Added Pin To Net: NetName=3.3V Pin=C16-1
Added Pin To Net: NetName=3.3V Pin=C17-2
Added Pin To Net: NetName=3.3V Pin=C18-2
Added Pin To Net: NetName=3.3V Pin=C19-2
Added Pin To Net: NetName=3.3V Pin=C21-2
Added Pin To Net: NetName=3.3V Pin=C23-2
Added Pin To Net: NetName=3.3V Pin=C30-2
Added Pin To Net: NetName=3.3V Pin=FB1-1
Added Pin To Net: NetName=3.3V Pin=IC1-1
Added Pin To Net: NetName=3.3V Pin=IC2-4
Added Pin To Net: NetName=3.3V Pin=J2-4
Added Pin To Net: NetName=3.3V Pin=R1-1
Added Pin To Net: NetName=3.3V Pin=R2-2
Added Pin To Net: NetName=3.3V Pin=R3-2
Added Pin To Net: NetName=3.3V Pin=R4-2
Added Pin To Net: NetName=3.3V Pin=R5-2
Added Pin To Net: NetName=3.3V Pin=R18-2
Added Pin To Net: NetName=3.3V Pin=S2-3
Added Pin To Net: NetName=3.3V Pin=U1-17
Added Pin To Net: NetName=3.3V Pin=U1-30
Added Pin To Net: NetName=3.3V Pin=U1-39
Added Pin To Net: NetName=3.3V Pin=U1-52
Added Pin To Net: NetName=3.3V Pin=U1-62
Added Pin To Net: NetName=3.3V Pin=U1-72
Added Pin To Net: NetName=3.3V Pin=U1-84
Added Pin To Net: NetName=3.3V Pin=U1-95
Added Pin To Net: NetName=3.3V Pin=U1-108
Added Pin To Net: NetName=3.3V Pin=U1-121
Added Pin To Net: NetName=3.3V Pin=U1-131
Added Pin To Net: NetName=3.3V Pin=U1-144
Added Pin To Net: NetName=3.3V Pin=U2-4
Added Pin To Net: NetName=3.3V Pin=U3-4
Added Pin To Net: NetName=3.3V Pin=U4-4
Added Net: Name=3.3V
Added Pin To Net: NetName=Bat_+ Pin=C5-2
Added Pin To Net: NetName=Bat_+ Pin=D2-2
Added Pin To Net: NetName=Bat_+ Pin=IC3-9
Added Pin To Net: NetName=Bat_+ Pin=IC3-10
Added Pin To Net: NetName=Bat_+ Pin=J5-1
Added Net: Name=Bat_+
Added Pin To Net: NetName=BOOT0 Pin=R16-1
Added Pin To Net: NetName=BOOT0 Pin=U1-138
Added Net: Name=BOOT0
Added Pin To Net: NetName=GND Pin=C1-2
Added Pin To Net: NetName=GND Pin=C2-2
Added Pin To Net: NetName=GND Pin=C3-1
Added Pin To Net: NetName=GND Pin=C4-2
Added Pin To Net: NetName=GND Pin=C5-1
Added Pin To Net: NetName=GND Pin=C6-2
Added Pin To Net: NetName=GND Pin=C7-2
Added Pin To Net: NetName=GND Pin=C8-2
Added Pin To Net: NetName=GND Pin=C9-2
Added Pin To Net: NetName=GND Pin=C10-2
Added Pin To Net: NetName=GND Pin=C11-2
Added Pin To Net: NetName=GND Pin=C12-2
Added Pin To Net: NetName=GND Pin=C13-2
Added Pin To Net: NetName=GND Pin=C14-2
Added Pin To Net: NetName=GND Pin=C15-1
Added Pin To Net: NetName=GND Pin=C16-2
Added Pin To Net: NetName=GND Pin=C17-1
Added Pin To Net: NetName=GND Pin=C18-1
Added Pin To Net: NetName=GND Pin=C19-1
Added Pin To Net: NetName=GND Pin=C20-2
Added Pin To Net: NetName=GND Pin=C21-1
Added Pin To Net: NetName=GND Pin=C22-2
Added Pin To Net: NetName=GND Pin=C23-1
Added Pin To Net: NetName=GND Pin=C24-2
Added Pin To Net: NetName=GND Pin=C25-1
Added Pin To Net: NetName=GND Pin=C26-2
Added Pin To Net: NetName=GND Pin=C28-1
Added Pin To Net: NetName=GND Pin=C29-1
Added Pin To Net: NetName=GND Pin=C30-1
Added Pin To Net: NetName=GND Pin=C31-1
Added Pin To Net: NetName=GND Pin=C32-1
Added Pin To Net: NetName=GND Pin=IC1-4
Added Pin To Net: NetName=GND Pin=IC2-11
Added Pin To Net: NetName=GND Pin=IC3-5
Added Pin To Net: NetName=GND Pin=IC3-11
Added Pin To Net: NetName=GND Pin=J1-A1
Added Pin To Net: NetName=GND Pin=J1-A12
Added Pin To Net: NetName=GND Pin=J1-B1
Added Pin To Net: NetName=GND Pin=J1-B12
Added Pin To Net: NetName=GND Pin=J2-6
Added Pin To Net: NetName=GND Pin=J3-5
Added Pin To Net: NetName=GND Pin=J4-1
Added Pin To Net: NetName=GND Pin=J5-2
Added Pin To Net: NetName=GND Pin=J7-2
Added Pin To Net: NetName=GND Pin=J8-1
Added Pin To Net: NetName=GND Pin=LED1-1
Added Pin To Net: NetName=GND Pin=R6-2
Added Pin To Net: NetName=GND Pin=R7-1
Added Pin To Net: NetName=GND Pin=R9-2
Added Pin To Net: NetName=GND Pin=R13-1
Added Pin To Net: NetName=GND Pin=R14-2
Added Pin To Net: NetName=GND Pin=R19-1
Added Pin To Net: NetName=GND Pin=R21-2
Added Pin To Net: NetName=GND Pin=R22-2
Added Pin To Net: NetName=GND Pin=R23-2
Added Pin To Net: NetName=GND Pin=RT1-1
Added Pin To Net: NetName=GND Pin=S1-3
Added Pin To Net: NetName=GND Pin=S1-4
Added Pin To Net: NetName=GND Pin=S2-1
Added Pin To Net: NetName=GND Pin=U1-16
Added Pin To Net: NetName=GND Pin=U1-31
Added Pin To Net: NetName=GND Pin=U1-38
Added Pin To Net: NetName=GND Pin=U1-51
Added Pin To Net: NetName=GND Pin=U1-61
Added Pin To Net: NetName=GND Pin=U1-83
Added Pin To Net: NetName=GND Pin=U1-94
Added Pin To Net: NetName=GND Pin=U1-107
Added Pin To Net: NetName=GND Pin=U1-120
Added Pin To Net: NetName=GND Pin=U1-130
Added Pin To Net: NetName=GND Pin=U2-2
Added Pin To Net: NetName=GND Pin=U2-3
Added Pin To Net: NetName=GND Pin=U2-5
Added Pin To Net: NetName=GND Pin=U2-6
Added Pin To Net: NetName=GND Pin=U3-2
Added Pin To Net: NetName=GND Pin=U3-3
Added Pin To Net: NetName=GND Pin=U3-5
Added Pin To Net: NetName=GND Pin=U3-6
Added Pin To Net: NetName=GND Pin=U4-2
Added Pin To Net: NetName=GND Pin=U4-3
Added Pin To Net: NetName=GND Pin=U4-5
Added Pin To Net: NetName=GND Pin=U4-6
Added Pin To Net: NetName=GND Pin=Y1-2
Added Pin To Net: NetName=GND Pin=Y1-4
Added Net: Name=GND
Added Pin To Net: NetName=LDO In Pin=C2-1
Added Pin To Net: NetName=LDO In Pin=D1-1
Added Pin To Net: NetName=LDO In Pin=D2-1
Added Pin To Net: NetName=LDO In Pin=IC1-3
Added Net: Name=LDO In
Added Pin To Net: NetName=NetC20_1 Pin=C20-1
Added Pin To Net: NetName=NetC20_1 Pin=IC2-8
Added Pin To Net: NetName=NetC20_1 Pin=R10-1
Added Pin To Net: NetName=NetC20_1 Pin=R21-1
Added Pin To Net: NetName=NetC20_1 Pin=U1-44
Added Net: Name=NetC20_1
Added Pin To Net: NetName=NetC22_1 Pin=C22-1
Added Pin To Net: NetName=NetC22_1 Pin=IC2-1
Added Pin To Net: NetName=NetC22_1 Pin=R20-1
Added Pin To Net: NetName=NetC22_1 Pin=R22-1
Added Pin To Net: NetName=NetC22_1 Pin=U1-49
Added Net: Name=NetC22_1
Added Pin To Net: NetName=NetC26_1 Pin=C26-1
Added Pin To Net: NetName=NetC26_1 Pin=IC2-7
Added Pin To Net: NetName=NetC26_1 Pin=R11-1
Added Pin To Net: NetName=NetC26_1 Pin=R23-1
Added Pin To Net: NetName=NetC26_1 Pin=U1-42
Added Net: Name=NetC26_1
Added Pin To Net: NetName=NetC28_2 Pin=C28-2
Added Pin To Net: NetName=NetC28_2 Pin=U1-71
Added Net: Name=NetC28_2
Added Pin To Net: NetName=NetC29_2 Pin=C29-2
Added Pin To Net: NetName=NetC29_2 Pin=U1-106
Added Net: Name=NetC29_2
Added Pin To Net: NetName=NetIC2_2 Pin=IC2-2
Added Pin To Net: NetName=NetIC2_2 Pin=R19-2
Added Pin To Net: NetName=NetIC2_2 Pin=R20-2
Added Net: Name=NetIC2_2
Added Pin To Net: NetName=NetIC2_3 Pin=IC2-3
Added Pin To Net: NetName=NetIC2_3 Pin=R17-2
Added Net: Name=NetIC2_3
Added Pin To Net: NetName=NetIC2_5 Pin=IC2-5
Added Pin To Net: NetName=NetIC2_5 Pin=R15-2
Added Net: Name=NetIC2_5
Added Pin To Net: NetName=NetIC2_6 Pin=IC2-6
Added Pin To Net: NetName=NetIC2_6 Pin=R11-2
Added Pin To Net: NetName=NetIC2_6 Pin=R14-1
Added Net: Name=NetIC2_6
Added Pin To Net: NetName=NetIC2_9 Pin=IC2-9
Added Pin To Net: NetName=NetIC2_9 Pin=R10-2
Added Pin To Net: NetName=NetIC2_9 Pin=R13-2
Added Net: Name=NetIC2_9
Added Pin To Net: NetName=NetIC2_10 Pin=IC2-10
Added Pin To Net: NetName=NetIC2_10 Pin=R12-2
Added Net: Name=NetIC2_10
Added Pin To Net: NetName=NetIC3_3 Pin=IC3-3
Added Pin To Net: NetName=NetIC3_3 Pin=R24-1
Added Net: Name=NetIC3_3
Added Pin To Net: NetName=NetIC3_4 Pin=IC3-4
Added Pin To Net: NetName=NetIC3_4 Pin=R25-1
Added Net: Name=NetIC3_4
Added Pin To Net: NetName=NetIC3_6 Pin=IC3-6
Added Pin To Net: NetName=NetIC3_6 Pin=R8-2
Added Net: Name=NetIC3_6
Added Pin To Net: NetName=NetIC3_7 Pin=IC3-7
Added Pin To Net: NetName=NetIC3_7 Pin=R26-1
Added Net: Name=NetIC3_7
Added Pin To Net: NetName=NetIC3_8 Pin=IC3-8
Added Pin To Net: NetName=NetIC3_8 Pin=RT1-2
Added Net: Name=NetIC3_8
Added Pin To Net: NetName=NetJ1_A5 Pin=J1-A5
Added Pin To Net: NetName=NetJ1_A5 Pin=R7-2
Added Net: Name=NetJ1_A5
Added Pin To Net: NetName=NetJ1_B5 Pin=J1-B5
Added Pin To Net: NetName=NetJ1_B5 Pin=R6-1
Added Net: Name=NetJ1_B5
Added Pin To Net: NetName=NetJ2_1 Pin=J2-1
Added Pin To Net: NetName=NetJ2_1 Pin=R3-1
Added Pin To Net: NetName=NetJ2_1 Pin=U1-111
Added Net: Name=NetJ2_1
Added Pin To Net: NetName=NetJ2_2 Pin=J2-2
Added Pin To Net: NetName=NetJ2_2 Pin=R4-1
Added Pin To Net: NetName=NetJ2_2 Pin=U1-112
Added Net: Name=NetJ2_2
Added Pin To Net: NetName=NetJ2_3 Pin=J2-3
Added Pin To Net: NetName=NetJ2_3 Pin=R5-1
Added Pin To Net: NetName=NetJ2_3 Pin=U1-116
Added Net: Name=NetJ2_3
Added Pin To Net: NetName=NetJ2_5 Pin=J2-5
Added Pin To Net: NetName=NetJ2_5 Pin=U1-113
Added Net: Name=NetJ2_5
Added Pin To Net: NetName=NetJ2_7 Pin=J2-7
Added Pin To Net: NetName=NetJ2_7 Pin=U1-74
Added Net: Name=NetJ2_7
Added Pin To Net: NetName=NetJ2_8 Pin=J2-8
Added Pin To Net: NetName=NetJ2_8 Pin=R2-1
Added Pin To Net: NetName=NetJ2_8 Pin=U1-99
Added Net: Name=NetJ2_8
Added Pin To Net: NetName=NetJ7_1 Pin=J7-1
Added Pin To Net: NetName=NetJ7_1 Pin=U1-6
Added Net: Name=NetJ7_1
Added Pin To Net: NetName=NetLED1_2 Pin=LED1-2
Added Pin To Net: NetName=NetLED1_2 Pin=R1-2
Added Net: Name=NetLED1_2
Added Pin To Net: NetName=NetLED2_1 Pin=LED2-1
Added Pin To Net: NetName=NetLED2_1 Pin=R24-2
Added Net: Name=NetLED2_1
Added Pin To Net: NetName=NetLED3_1 Pin=LED3-1
Added Pin To Net: NetName=NetLED3_1 Pin=R26-2
Added Net: Name=NetLED3_1
Added Pin To Net: NetName=NetLED4_1 Pin=LED4-1
Added Pin To Net: NetName=NetLED4_1 Pin=R25-2
Added Net: Name=NetLED4_1
Added Pin To Net: NetName=NetR8_1 Pin=R8-1
Added Pin To Net: NetName=NetR8_1 Pin=R9-1
Added Net: Name=NetR8_1
Added Pin To Net: NetName=NetR12_1 Pin=R12-1
Added Pin To Net: NetName=NetR12_1 Pin=U4-1
Added Net: Name=NetR12_1
Added Pin To Net: NetName=NetR15_1 Pin=R15-1
Added Pin To Net: NetName=NetR15_1 Pin=U3-1
Added Net: Name=NetR15_1
Added Pin To Net: NetName=NetR17_1 Pin=R17-1
Added Pin To Net: NetName=NetR17_1 Pin=U2-1
Added Net: Name=NetR17_1
Added Pin To Net: NetName=NetR18_1 Pin=R18-1
Added Pin To Net: NetName=NetR18_1 Pin=U1-143
Added Net: Name=NetR18_1
Added Pin To Net: NetName=OSC_IN Pin=C24-1
Added Pin To Net: NetName=OSC_IN Pin=U1-23
Added Pin To Net: NetName=OSC_IN Pin=Y1-1
Added Net: Name=OSC_IN
Added Pin To Net: NetName=OSC_OUT Pin=C25-2
Added Pin To Net: NetName=OSC_OUT Pin=U1-24
Added Pin To Net: NetName=OSC_OUT Pin=Y1-3
Added Net: Name=OSC_OUT
Added Pin To Net: NetName=SCL Pin=J4-4
Added Pin To Net: NetName=SCL Pin=J8-4
Added Pin To Net: NetName=SCL Pin=U1-11
Added Pin To Net: NetName=SCL Pin=U1-139
Added Net: Name=SCL
Added Pin To Net: NetName=SDA Pin=J4-3
Added Pin To Net: NetName=SDA Pin=J8-3
Added Pin To Net: NetName=SDA Pin=U1-10
Added Pin To Net: NetName=SDA Pin=U1-140
Added Net: Name=SDA
Added Pin To Net: NetName=SW_BOOT0 Pin=R16-2
Added Pin To Net: NetName=SW_BOOT0 Pin=S2-2
Added Net: Name=SW_BOOT0
Added Pin To Net: NetName=SWCLK Pin=J3-2
Added Pin To Net: NetName=SWCLK Pin=U1-105
Added Net: Name=SWCLK
Added Pin To Net: NetName=SWDIO Pin=J3-3
Added Pin To Net: NetName=SWDIO Pin=U1-109
Added Net: Name=SWDIO
Added Pin To Net: NetName=SWO Pin=J3-6
Added Pin To Net: NetName=SWO Pin=U1-133
Added Net: Name=SWO
Added Pin To Net: NetName=USART1_RX Pin=J6-2
Added Pin To Net: NetName=USART1_RX Pin=U1-137
Added Net: Name=USART1_RX
Added Pin To Net: NetName=USART1_TX Pin=J6-1
Added Pin To Net: NetName=USART1_TX Pin=U1-136
Added Net: Name=USART1_TX
Added Pin To Net: NetName=USB_D_N Pin=J1-A7
Added Pin To Net: NetName=USB_D_N Pin=J1-B7
Added Pin To Net: NetName=USB_D_N Pin=U1-103
Added Net: Name=USB_D_N
Added Pin To Net: NetName=USB_D_P Pin=J1-A6
Added Pin To Net: NetName=USB_D_P Pin=J1-B6
Added Pin To Net: NetName=USB_D_P Pin=U1-104
Added Net: Name=USB_D_P
Added Pin To Net: NetName=VBUS Pin=C3-2
Added Pin To Net: NetName=VBUS Pin=D1-2
Added Pin To Net: NetName=VBUS Pin=IC3-1
Added Pin To Net: NetName=VBUS Pin=IC3-2
Added Pin To Net: NetName=VBUS Pin=J1-A4
Added Pin To Net: NetName=VBUS Pin=J1-A9
Added Pin To Net: NetName=VBUS Pin=J1-B4
Added Pin To Net: NetName=VBUS Pin=J1-B9
Added Pin To Net: NetName=VBUS Pin=J3-1
Added Pin To Net: NetName=VBUS Pin=J4-2
Added Pin To Net: NetName=VBUS Pin=J8-2
Added Pin To Net: NetName=VBUS Pin=LED2-2
Added Pin To Net: NetName=VBUS Pin=LED3-2
Added Pin To Net: NetName=VBUS Pin=LED4-2
Added Pin To Net: NetName=VBUS Pin=U1-101
Added Net: Name=VBUS
Added Class: Name=Acoustic recorder
Added Differential Pair: Name=USB_D
