Change Component Designator: OldDesignator=R10 NewDesignator=R11
Change Component Designator: OldDesignator=R11 NewDesignator=R10
Added Member To Class: ClassName=Acoustic recorder Member=Component C8 100nF
Added Member To Class: ClassName=Acoustic recorder Member=Component C11 100nF
Added Member To Class: ClassName=Acoustic recorder Member=Component C13 100nF
Added Member To Class: ClassName=Acoustic recorder Member=Component C14 100nF
Added Member To Class: ClassName=Acoustic recorder Member=Component C16 100nF
Added Member To Class: ClassName=Acoustic recorder Member=Component C17 100nF
Added Member To Class: ClassName=Acoustic recorder Member=Component C18 100nF
Added Member To Class: ClassName=Acoustic recorder Member=Component C19 100nF
Added Member To Class: ClassName=Acoustic recorder Member=Component C20 2pF
Added Member To Class: ClassName=Acoustic recorder Member=Component C21 100nF
Added Member To Class: ClassName=Acoustic recorder Member=Component C22 2pF
Added Member To Class: ClassName=Acoustic recorder Member=Component C24 6pF
Added Member To Class: ClassName=Acoustic recorder Member=Component C25 6pF
Added Member To Class: ClassName=Acoustic recorder Member=Component C26 2pF
Added Member To Class: ClassName=Acoustic recorder Member=Component C27 100nF
Added Member To Class: ClassName=Acoustic recorder Member=Component C28 2.2uF
Added Member To Class: ClassName=Acoustic recorder Member=Component J4 TP4057
Added Member To Class: ClassName=Acoustic recorder Member=Component J6 TMM-102-03-G-S
Added Member To Class: ClassName=Acoustic recorder Member=Component R13 Resistor 10k +/-1% 0805 125 mW
Added Member To Class: ClassName=Acoustic recorder Member=Component R15 Resistor 10k +/-1% 0805 125 mW
Added Member To Class: ClassName=Acoustic recorder Member=Component U2 SPU0410LR5H-QB
