Change Component Designator: Old Designator=C8 New Designator=C9
Change Component Designator: Old Designator=C9 New Designator=C10
Change Component Designator: Old Designator=C10 New Designator=C11
Change Component Designator: Old Designator=C11 New Designator=C16
Change Component Designator: Old Designator=C13 New Designator=C14
Change Component Designator: Old Designator=C14 New Designator=C15
Change Component Designator: Old Designator=C15 New Designator=C17
Change Component Designator: Old Designator=C16 New Designator=C18
Change Component Designator: Old Designator=C17 New Designator=C19
Change Component Designator: Old Designator=C18 New Designator=C21
Change Component Designator: Old Designator=C19 New Designator=C22
Change Component Designator: Old Designator=C20 New Designator=C23
Change Component Designator: Old Designator=C21 New Designator=C24
Change Component Designator: Old Designator=C22 New Designator=C25
Change Component Designator: Old Designator=C23 New Designator=C27
Change Component Designator: Old Designator=C24 New Designator=C28
Change Component Designator: Old Designator=C25 New Designator=C29
Change Component Designator: Old Designator=C26 New Designator=C30
Change Component Designator: Old Designator=C27 New Designator=C31
Change Component Designator: Old Designator=C28 New Designator=C32
Change Component Designator: Old Designator=C? New Designator=C8
Change Component Designator: Old Designator=C? New Designator=C13
Change Component Designator: Old Designator=C? New Designator=C20
Change Component Designator: Old Designator=C? New Designator=C26
Change Component Designator: Old Designator=J? New Designator=J6
Change Component Designator: Old Designator=R11 New Designator=R13
Change Component Designator: Old Designator=R12 New Designator=R14
Change Component Designator: Old Designator=R13 New Designator=R11
Change Component Designator: Old Designator=R14 New Designator=R12
Change Component Designator: Old Designator=R19 New Designator=R17
Change Component Designator: Old Designator=R20 New Designator=R19
Change Component Designator: Old Designator=R21 New Designator=R18
Change Component Designator: Old Designator=R22 New Designator=R20
Change Component Designator: Old Designator=R24 New Designator=R22
Change Component Designator: Old Designator=R? New Designator=R21
Change Component Designator: Old Designator=R? New Designator=R23
Change Component Designator: Old Designator=U2 New Designator=U4
Change Component Designator: Old Designator=U? New Designator=U2
Change Component Designator: Old Designator=U? New Designator=U3
