Added Component: Designator=C1(CAPC2013X145X50LL20T25)
Add component (AddParameter): Name = "Manufacturer"; Value = "Kemet"; VariantName = "[No Variations]"
Add component (AddParameter): Name = "Part Number"; Value = "C0805C104K9RACTU"; VariantName = "[No Variations]"
Added Component: Designator=C2(CAPC2013X145X50LL20T25)
Add component (AddParameter): Name = "Manufacturer"; Value = "Kemet"; VariantName = "[No Variations]"
Add component (AddParameter): Name = "Part Number"; Value = "C0805C104K9RACTU"; VariantName = "[No Variations]"
Added Component: Designator=C3(CAPC2013X145X50LL20T25)
Add component (AddParameter): Name = "Manufacturer"; Value = "Kemet"; VariantName = "[No Variations]"
Add component (AddParameter): Name = "Part Number"; Value = "C0805C104K9RACTU"; VariantName = "[No Variations]"
Added Component: Designator=C4(CAPC2013X145X50LL20T25)
Add component (AddParameter): Name = "Manufacturer"; Value = "Kemet"; VariantName = "[No Variations]"
Add component (AddParameter): Name = "Part Number"; Value = "C0805C104K9RACTU"; VariantName = "[No Variations]"
Added Component: Designator=C5(CAPC2013X145X50LL20T25)
Add component (AddParameter): Name = "Manufacturer"; Value = "Kemet"; VariantName = "[No Variations]"
Add component (AddParameter): Name = "Part Number"; Value = "C0805C104K9RACTU"; VariantName = "[No Variations]"
Added Component: Designator=C6(CAPC2013X145X50LL20T25)
Add component (AddParameter): Name = "Manufacturer"; Value = "Kemet"; VariantName = "[No Variations]"
Add component (AddParameter): Name = "Part Number"; Value = "C0805C104K9RACTU"; VariantName = "[No Variations]"
Added Component: Designator=C7(CAPC2013X145X50LL20T25)
Add component (AddParameter): Name = "Manufacturer"; Value = "Kemet"; VariantName = "[No Variations]"
Add component (AddParameter): Name = "Part Number"; Value = "C0805C104K9RACTU"; VariantName = "[No Variations]"
Added Component: Designator=C8(CAPC2013X145X50LL20T25)
Add component (AddParameter): Name = "Manufacturer"; Value = "Kemet"; VariantName = "[No Variations]"
Add component (AddParameter): Name = "Part Number"; Value = "C0805C104K9RACTU"; VariantName = "[No Variations]"
Added Component: Designator=C9(CAPC2013X145X50LL20T25)
Add component (AddParameter): Name = "Manufacturer"; Value = "Kemet"; VariantName = "[No Variations]"
Add component (AddParameter): Name = "Part Number"; Value = "C0805C104K9RACTU"; VariantName = "[No Variations]"
Added Component: Designator=C10(CAPC2013X145X50LL20T25)
Add component (AddParameter): Name = "Manufacturer"; Value = "Kemet"; VariantName = "[No Variations]"
Add component (AddParameter): Name = "Part Number"; Value = "C0805C104K9RACTU"; VariantName = "[No Variations]"
Added Component: Designator=C11(CAPC2013X145X50LL20T25)
Add component (AddParameter): Name = "Manufacturer"; Value = "Kemet"; VariantName = "[No Variations]"
Add component (AddParameter): Name = "Part Number"; Value = "C0805C104K9RACTU"; VariantName = "[No Variations]"
Added Component: Designator=C12(CAPC2013X145X50LL20T25)
Add component (AddParameter): Name = "Manufacturer"; Value = "Kemet"; VariantName = "[No Variations]"
Add component (AddParameter): Name = "Part Number"; Value = "C0805C104K9RACTU"; VariantName = "[No Variations]"
Added Component: Designator=C13(FP-CL21-IPC_C)
Add component (AddParameter): Name = "Capacitance"; Value = "10uF"; VariantName = "[No Variations]"
Add component (AddParameter): Name = "Case Code (Imperial)"; Value = "0805"; VariantName = "[No Variations]"
Add component (AddParameter): Name = "Case Code (Metric)"; Value = "2012"; VariantName = "[No Variations]"
Add component (AddParameter): Name = "Case/Package"; Value = "0805"; VariantName = "[No Variations]"
Add component (AddParameter): Name = "Depth"; Value = "1.25mm"; VariantName = "[No Variations]"
Add component (AddParameter): Name = "Dielectric"; Value = "X7R"; VariantName = "[No Variations]"
Add component (AddParameter): Name = "Height"; Value = "1.25mm"; VariantName = "[No Variations]"
Add component (AddParameter): Name = "Lead Free"; Value = "Lead Free"; VariantName = "[No Variations]"
Add component (AddParameter): Name = "Length"; Value = "2mm"; VariantName = "[No Variations]"
Add component (AddParameter): Name = "Max Operating Temperature"; Value = "125°C"; VariantName = "[No Variations]"
Add component (AddParameter): Name = "Min Operating Temperature"; Value = "-55°C"; VariantName = "[No Variations]"
Add component (AddParameter): Name = "Mount"; Value = "Surface Mount"; VariantName = "[No Variations]"
Add component (AddParameter): Name = "Package Quantity"; Value = "3000"; VariantName = "[No Variations]"
Add component (AddParameter): Name = "Packaging"; Value = "Tape and Reel"; VariantName = "[No Variations]"
Add component (AddParameter): Name = "Thickness"; Value = "0.055inch"; VariantName = "[No Variations]"
Add component (AddParameter): Name = "Tolerance"; Value = "10%"; VariantName = "[No Variations]"
Add component (AddParameter): Name = "Voltage"; Value = "6.3V"; VariantName = "[No Variations]"
Add component (AddParameter): Name = "Voltage Rating"; Value = "6.3V"; VariantName = "[No Variations]"
Add component (AddParameter): Name = "Width"; Value = "0.049inch"; VariantName = "[No Variations]"
Added Component: Designator=U1(FP-LQFP144-1A-IPC_A)
Added Pin To Net: NetName=+3.3v Pin=C1-2
Added Pin To Net: NetName=+3.3v Pin=C2-2
Added Pin To Net: NetName=+3.3v Pin=C3-2
Added Pin To Net: NetName=+3.3v Pin=C4-2
Added Pin To Net: NetName=+3.3v Pin=C5-2
Added Pin To Net: NetName=+3.3v Pin=C6-2
Added Pin To Net: NetName=+3.3v Pin=C7-1
Added Pin To Net: NetName=+3.3v Pin=C8-1
Added Pin To Net: NetName=+3.3v Pin=C9-1
Added Pin To Net: NetName=+3.3v Pin=C10-1
Added Pin To Net: NetName=+3.3v Pin=C11-1
Added Pin To Net: NetName=+3.3v Pin=C12-1
Added Pin To Net: NetName=+3.3v Pin=C13-1
Added Pin To Net: NetName=+3.3v Pin=U1-17
Added Pin To Net: NetName=+3.3v Pin=U1-30
Added Pin To Net: NetName=+3.3v Pin=U1-39
Added Pin To Net: NetName=+3.3v Pin=U1-52
Added Pin To Net: NetName=+3.3v Pin=U1-62
Added Pin To Net: NetName=+3.3v Pin=U1-72
Added Pin To Net: NetName=+3.3v Pin=U1-84
Added Pin To Net: NetName=+3.3v Pin=U1-95
Added Pin To Net: NetName=+3.3v Pin=U1-108
Added Pin To Net: NetName=+3.3v Pin=U1-121
Added Pin To Net: NetName=+3.3v Pin=U1-131
Added Net: Name=+3.3v
Added Pin To Net: NetName=GND Pin=C1-1
Added Pin To Net: NetName=GND Pin=C2-1
Added Pin To Net: NetName=GND Pin=C3-1
Added Pin To Net: NetName=GND Pin=C4-1
Added Pin To Net: NetName=GND Pin=C5-1
Added Pin To Net: NetName=GND Pin=C6-1
Added Pin To Net: NetName=GND Pin=C7-2
Added Pin To Net: NetName=GND Pin=C8-2
Added Pin To Net: NetName=GND Pin=C9-2
Added Pin To Net: NetName=GND Pin=C10-2
Added Pin To Net: NetName=GND Pin=C11-2
Added Pin To Net: NetName=GND Pin=C12-2
Added Pin To Net: NetName=GND Pin=C13-2
Added Pin To Net: NetName=GND Pin=U1-16
Added Pin To Net: NetName=GND Pin=U1-31
Added Pin To Net: NetName=GND Pin=U1-38
Added Pin To Net: NetName=GND Pin=U1-51
Added Pin To Net: NetName=GND Pin=U1-61
Added Pin To Net: NetName=GND Pin=U1-83
Added Pin To Net: NetName=GND Pin=U1-94
Added Pin To Net: NetName=GND Pin=U1-107
Added Pin To Net: NetName=GND Pin=U1-120
Added Pin To Net: NetName=GND Pin=U1-130
Added Net: Name=GND
Added Class: Name=Acoustic recorder
Added Room: Name=Acoustic recorder
